<?xml version="1.0" encoding="UTF-8"?>
<!-- Generated by org.testng.reporters.JUnitXMLReporter -->
<testsuite ignored="0" hostname="Mayank" failures="0" tests="2" name="GroupFiltered_ProductDetailsNavigation" time="14.82" errors="0" timestamp="2025-09-07T14:14:30 IST">
  <testcase classname="com.demoblaze.ProductDetailsNavigation" name="CategoryNavigation" time="12.237"/>
  <testcase classname="com.demoblaze.ProductDetailsNavigation" name="VerifyProductDetails" time="2.579"/>
</testsuite> <!-- GroupFiltered_ProductDetailsNavigation -->
