<?xml version="1.0" encoding="UTF-8"?>
<!-- Generated by org.testng.reporters.JUnitXMLReporter -->
<testsuite ignored="0" hostname="Mayank" failures="0" tests="3" name="RunAll_CartCheckoutProcess" time="38.777" errors="0" timestamp="2025-09-07T14:15:09 IST">
  <testcase classname="com.demoblaze.CartCheckoutProcess" name="VerifyAddToCart" time="8.318"/>
  <testcase classname="com.demoblaze.CartCheckoutProcess" name="VerifyDeletion" time="12.432"/>
  <testcase classname="com.demoblaze.CartCheckoutProcess" name="VerifyCheckoutProcess" time="12.659"/>
</testsuite> <!-- RunAll_CartCheckoutProcess -->
